<?xml version="1.0" encoding="UTF-8"?><testsuite name="nosetests" tests="4" errors="0" failures="0" skip="0"><testcase classname="user_account.tests.UserAccountViewsTest" name="test_base" time="0.152"></testcase><testcase classname="user_account.tests.UserAccountViewsTest" name="test_change_locale" time="0.062"><system-out><![CDATA[
]]></system-out></testcase><testcase classname="user_account.tests.UserAccountViewsTest" name="test_change_username" time="0.068"><system-out><![CDATA["'value'"
]]></system-out></testcase><testcase classname="user_account.tests.UserAccountViewsTest" name="test_user" time="0.105"><system-out><![CDATA[User matching query does not exist.
]]></system-out></testcase></testsuite>